<?xml version="1.0" encoding="utf-8"?>
<TestRun id="fbc570ef-d8ed-42d4-bdfc-9fd5e590a568" name="Admin@DESKTOP-2LI0BRV 2022-10-21 13:54:38" runUser="DESKTOP-2LI0BRV\Admin" xmlns="http://microsoft.com/schemas/VisualStudio/TeamTest/2010">
  <Times creation="2022-10-21T13:54:38.5838461-08:00" queuing="2022-10-21T13:54:38.5838461-08:00" start="2022-10-21T13:53:59.3422796-08:00" finish="2022-10-21T13:54:38.6348168-08:00" />
  <TestSettings name="default" id="e57b9c86-96d9-4966-afb3-eb86b3b9910b">
    <Deployment runDeploymentRoot="Admin_DESKTOP-2LI0BRV_2022-10-21_13_54_38" />
  </TestSettings>
  <Results>
    <UnitTestResult executionId="daf4a31b-1616-4e73-b00f-a5a84bb0bb0b" testId="c7fdfa45-331f-4700-96f2-eb627119ec0f" testName="apply" computerName="DESKTOP-2LI0BRV" duration="00:00:38.2279789" startTime="2022-10-21T13:54:00.0424039-08:00" endTime="2022-10-21T13:54:38.3479973-08:00" testType="13cdc9d9-ddb5-4fa4-a97d-d965ccfc6d4b" outcome="Passed" testListId="8c84fa94-04c1-424b-9868-57a2d4851a1d" relativeResultsDirectory="daf4a31b-1616-4e73-b00f-a5a84bb0bb0b" />
  </Results>
  <TestDefinitions>
    <UnitTest name="apply" storage="c:\users\admin\source\repos\scratchf\scratchf\bin\debug\scratchf.dll" id="c7fdfa45-331f-4700-96f2-eb627119ec0f">
      <TestCategory>
        <TestCategoryItem TestCategory="Jobs" />
      </TestCategory>
      <Execution id="daf4a31b-1616-4e73-b00f-a5a84bb0bb0b" />
      <TestMethod codeBase="C:\Users\Admin\source\repos\ScratchF\ScratchF\bin\Debug\ScratchF.dll" adapterTypeName="executor://mstestadapter/v2" className="ScratchF.Execution" name="apply" />
    </UnitTest>
  </TestDefinitions>
  <TestEntries>
    <TestEntry testId="c7fdfa45-331f-4700-96f2-eb627119ec0f" executionId="daf4a31b-1616-4e73-b00f-a5a84bb0bb0b" testListId="8c84fa94-04c1-424b-9868-57a2d4851a1d" />
  </TestEntries>
  <TestLists>
    <TestList name="Results Not in a List" id="8c84fa94-04c1-424b-9868-57a2d4851a1d" />
    <TestList name="All Loaded Results" id="19431567-8539-422a-85d7-44ee4e166bda" />
  </TestLists>
  <ResultSummary outcome="Completed">
    <Counters total="1" executed="1" passed="1" failed="0" error="0" timeout="0" aborted="0" inconclusive="0" passedButRunAborted="0" notRunnable="0" notExecuted="0" disconnected="0" warning="0" completed="0" inProgress="0" pending="0" />
  </ResultSummary>
</TestRun>